<?xml version="1.0" encoding="UTF-8"?>
<!-- Generated by org.testng.reporters.JUnitXMLReporter -->
<testsuite ignored="0" hostname="DESKTOP-DSSFANV" failures="2" tests="2" name="Regression test test suite on chrome " time="94.619" errors="0" timestamp="2024-09-16T16:21:11 ICT">
  <testcase classname="automation.testsuite.Day18_BTVN_Bai1" name="handleWindowZalo" time="33.607">
    <failure type="java.lang.AssertionError" message="expected [true] but found [false]">
      <![CDATA[java.lang.AssertionError: expected [true] but found [false]
at automation.testsuite.Day18_BTVN_Bai1.handleWindowZalo(Day18_BTVN_Bai1.java:37)
at java.base/java.util.ArrayList.forEach(ArrayList.java:1596)
... Removed 29 stack frames]]>
    </failure>
  </testcase> <!-- handleWindowZalo -->
  <testcase classname="automation.testsuite.Day18_BTVN_Bai2" name="handleWindowMessenger" time="49.662">
    <failure type="java.lang.AssertionError" message="expected [true] but found [false]">
      <![CDATA[java.lang.AssertionError: expected [true] but found [false]
at automation.testsuite.Day18_BTVN_Bai2.handleWindowMessenger(Day18_BTVN_Bai2.java:43)
at java.base/java.util.ArrayList.forEach(ArrayList.java:1596)
... Removed 29 stack frames]]>
    </failure>
  </testcase> <!-- handleWindowMessenger -->
</testsuite> <!-- Regression test test suite on chrome  -->
